Flow report for codelock
Wed Dec 09 14:13:21 2015
Quartus II 64-Bit Version 13.0.0 Build 156 04/24/2013 SJ Web Edition


---------------------
; Table of Contents ;
---------------------
  1. Legal Notice
  2. Flow Summary
  3. Flow Settings
  4. Flow Non-Default Global Settings
  5. Flow Elapsed Time
  6. Flow OS Summary
  7. Flow Log
  8. Flow Messages
  9. Flow Suppressed Messages



----------------
; Legal Notice ;
----------------
Copyright (C) 1991-2013 Altera Corporation
Your use of Altera Corporation's design tools, logic functions 
and other software and tools, and its AMPP partner logic 
functions, and any output files from any of the foregoing 
(including device programming or simulation files), and any 
associated documentation or information are expressly subject 
to the terms and conditions of the Altera Program License 
Subscription Agreement, Altera MegaCore Function License 
Agreement, or other applicable license agreement, including, 
without limitation, that your use is for the sole purpose of 
programming logic devices manufactured by Altera and sold by 
Altera or its authorized distributors.  Please refer to the 
applicable agreement for further details.



+------------------------------------------------------------------------+
; Flow Summary                                                           ;
+---------------------------+--------------------------------------------+
; Flow Status               ; Successful - Wed Dec 09 14:13:21 2015      ;
; Quartus II 64-Bit Version ; 13.0.0 Build 156 04/24/2013 SJ Web Edition ;
; Revision Name             ; codelock                                   ;
; Top-level Entity Name     ; codelock                                   ;
; Family                    ; MAX3000A                                   ;
; Device                    ; EPM3032ALC44-10                            ;
; Timing Models             ; Final                                      ;
; Total macrocells          ; 20 / 32 ( 63 % )                           ;
; Total pins                ; 18 / 34 ( 53 % )                           ;
+---------------------------+--------------------------------------------+


+-----------------------------------------+
; Flow Settings                           ;
+-------------------+---------------------+
; Option            ; Setting             ;
+-------------------+---------------------+
; Start date & time ; 12/09/2015 14:13:03 ;
; Main task         ; Compilation         ;
; Revision Name     ; codelock            ;
+-------------------+---------------------+


+---------------------------------------------------------------------------------------------------------+
; Flow Non-Default Global Settings                                                                        ;
+--------------------------+-------------------------------+---------------+-------------+----------------+
; Assignment Name          ; Value                         ; Default Value ; Entity Name ; Section Id     ;
+--------------------------+-------------------------------+---------------+-------------+----------------+
; COMPILER_SIGNATURE_ID    ; 8871630969133.144966678208656 ; --            ; --          ; --             ;
; EDA_OUTPUT_DATA_FORMAT   ; Vhdl                          ; --            ; --          ; eda_simulation ;
; EDA_SIMULATION_TOOL      ; ModelSim-Altera (VHDL)        ; <None>        ; --          ; --             ;
; MAX_CORE_JUNCTION_TEMP   ; 85                            ; --            ; --          ; --             ;
; MIN_CORE_JUNCTION_TEMP   ; 0                             ; --            ; --          ; --             ;
; PROJECT_OUTPUT_DIRECTORY ; output_files                  ; --            ; --          ; --             ;
+--------------------------+-------------------------------+---------------+-------------+----------------+


+-------------------------------------------------------------------------------------------------------------------------------+
; Flow Elapsed Time                                                                                                             ;
+---------------------------+--------------+-------------------------+---------------------+------------------------------------+
; Module Name               ; Elapsed Time ; Average Processors Used ; Peak Virtual Memory ; Total CPU Time (on all processors) ;
+---------------------------+--------------+-------------------------+---------------------+------------------------------------+
; Analysis & Synthesis      ; 00:00:05     ; 1.0                     ; 467 MB              ; 00:00:02                           ;
; Fitter                    ; 00:00:04     ; 1.0                     ; 470 MB              ; 00:00:01                           ;
; Assembler                 ; 00:00:01     ; 1.0                     ; 363 MB              ; 00:00:01                           ;
; TimeQuest Timing Analyzer ; 00:00:03     ; 1.0                     ; 356 MB              ; 00:00:01                           ;
; EDA Netlist Writer        ; 00:00:01     ; 1.0                     ; 346 MB              ; 00:00:01                           ;
; Total                     ; 00:00:14     ; --                      ; --                  ; 00:00:06                           ;
+---------------------------+--------------+-------------------------+---------------------+------------------------------------+


+----------------------------------------------------------------------------------------+
; Flow OS Summary                                                                        ;
+---------------------------+------------------+-----------+------------+----------------+
; Module Name               ; Machine Hostname ; OS Name   ; OS Version ; Processor type ;
+---------------------------+------------------+-----------+------------+----------------+
; Analysis & Synthesis      ; Evan             ; Windows 7 ; 6.1        ; x86_64         ;
; Fitter                    ; Evan             ; Windows 7 ; 6.1        ; x86_64         ;
; Assembler                 ; Evan             ; Windows 7 ; 6.1        ; x86_64         ;
; TimeQuest Timing Analyzer ; Evan             ; Windows 7 ; 6.1        ; x86_64         ;
; EDA Netlist Writer        ; Evan             ; Windows 7 ; 6.1        ; x86_64         ;
+---------------------------+------------------+-----------+------------+----------------+


------------
; Flow Log ;
------------
quartus_map --read_settings_files=on --write_settings_files=off codelock -c codelock
quartus_fit --read_settings_files=off --write_settings_files=off codelock -c codelock
quartus_asm --read_settings_files=off --write_settings_files=off codelock -c codelock
quartus_sta codelock -c codelock
quartus_eda --read_settings_files=off --write_settings_files=off codelock -c codelock



